<?xml version="1.0" encoding="UTF-8"?>
<!-- Generated by org.testng.reporters.JUnitReportReporter -->
<testsuite skipped="0" hostname="Nitishs-Mac.local" name="com.airteltv.test.PlaybackAPI" tests="16" failures="0" timestamp="24 Jun 2018 12:19:06 GMT" time="13.834" errors="0">
  <testcase name="playback_EROSNOW" time="1.195" classname="com.airteltv.test.PlaybackAPI"/>
  <testcase name="playback_ALTBALAJI" time="0.958" classname="com.airteltv.test.PlaybackAPI"/>
  <testcase name="playback_EROSNOW" time="0.585" classname="com.airteltv.test.PlaybackAPI"/>
  <testcase name="playback_ALTBALAJI" time="0.373" classname="com.airteltv.test.PlaybackAPI"/>
  <testcase name="playback_ALTBALAJI" time="0.350" classname="com.airteltv.test.PlaybackAPI"/>
  <testcase name="playback_HOOQ" time="0.319" classname="com.airteltv.test.PlaybackAPI"/>
  <testcase name="playback_ALTBALAJI" time="0.849" classname="com.airteltv.test.PlaybackAPI"/>
  <testcase name="playback_ALTBALAJI" time="0.340" classname="com.airteltv.test.PlaybackAPI"/>
  <testcase name="playback_HOOQ" time="0.298" classname="com.airteltv.test.PlaybackAPI"/>
  <testcase name="playback_HOOQ" time="0.355" classname="com.airteltv.test.PlaybackAPI"/>
  <testcase name="playback_EROSNOW" time="0.560" classname="com.airteltv.test.PlaybackAPI"/>
  <testcase name="playback_HOOQ" time="0.298" classname="com.airteltv.test.PlaybackAPI"/>
  <testcase name="playback_ALTBALAJI" time="2.233" classname="com.airteltv.test.PlaybackAPI"/>
  <testcase name="playback_ALTBALAJI" time="0.643" classname="com.airteltv.test.PlaybackAPI"/>
  <testcase name="playback_ALTBALAJI" time="3.860" classname="com.airteltv.test.PlaybackAPI"/>
  <testcase name="playback_EROSNOW" time="0.618" classname="com.airteltv.test.PlaybackAPI"/>
</testsuite> <!-- com.airteltv.test.PlaybackAPI -->
