<?xml version="1.0" encoding="UTF-8"?>
<!-- Generated by org.testng.reporters.JUnitReportReporter -->
<testsuite skipped="0" hostname="Nitishs-Mac.local" name="com.airteltv.test.BaseTest2" tests="1" failures="0" timestamp="21 May 2018 22:15:09 GMT" time="0.003" errors="0">
  <testcase name="main2" time="0.003" classname="com.airteltv.test.BaseTest2"/>
</testsuite> <!-- com.airteltv.test.BaseTest2 -->
