<?xml version="1.0" encoding="UTF-8"?>
<!-- Generated by org.testng.reporters.JUnitReportReporter -->
<testsuite skipped="0" hostname="Nitishs-Mac.local" name="com.airteltv.test.BaseTest" tests="1" failures="0" timestamp="21 May 2018 22:15:09 GMT" time="0.382" errors="0">
  <testcase name="main" time="0.382" classname="com.airteltv.test.BaseTest"/>
</testsuite> <!-- com.airteltv.test.BaseTest -->
