<?xml version="1.0" encoding="UTF-8"?>
<!-- Generated by org.testng.reporters.JUnitReportReporter -->
<testsuite skipped="0" hostname="Nitishs-Mac.local" name="com.airteltv.test.ContentAPI" tests="2" failures="0" timestamp="20 Jun 2018 21:18:12 GMT" time="5.049" errors="0">
  <testcase name="test_01" time="0.390" classname="com.airteltv.test.ContentAPI"/>
  <testcase name="test_01" time="4.659" classname="com.airteltv.test.ContentAPI"/>
</testsuite> <!-- com.airteltv.test.ContentAPI -->
