<?xml version="1.0" encoding="UTF-8"?>
<!-- Generated by org.testng.reporters.JUnitReportReporter -->
<testsuite skipped="0" hostname="Nitishs-Mac.local" name="com.airteltv.test.PlaybackAPI" tests="8" failures="0" timestamp="24 Jun 2018 12:09:38 GMT" time="9.122" errors="0">
  <testcase name="playback_ALTBALAJI" time="0.762" classname="com.airteltv.test.PlaybackAPI"/>
  <testcase name="playback_EROSNOW" time="3.747" classname="com.airteltv.test.PlaybackAPI"/>
  <testcase name="playback_HOOQ" time="0.325" classname="com.airteltv.test.PlaybackAPI"/>
  <testcase name="playback_ALTBALAJI" time="0.734" classname="com.airteltv.test.PlaybackAPI"/>
  <testcase name="playback_EROSNOW" time="1.120" classname="com.airteltv.test.PlaybackAPI"/>
  <testcase name="playback_ALTBALAJI" time="1.700" classname="com.airteltv.test.PlaybackAPI"/>
  <testcase name="playback_ALTBALAJI" time="0.412" classname="com.airteltv.test.PlaybackAPI"/>
  <testcase name="playback_HOOQ" time="0.322" classname="com.airteltv.test.PlaybackAPI"/>
</testsuite> <!-- com.airteltv.test.PlaybackAPI -->
